<?xml version="1.0" encoding="UTF-8"?>
<!-- Generated by org.testng.reporters.JUnitReportReporter -->
<testsuite hostname="LAPTOP-IKS9SD1L" failures="0" tests="2" name="tests.LoginTest" time="12.139" errors="0" timestamp="2025-07-08T12:05:54 IST" skipped="0">
  <testcase classname="tests.LoginTest" name="testLogin" time="2.619"/>
  <testcase classname="tests.LoginTest" name="testLogin" time="9.520"/>
</testsuite> <!-- tests.LoginTest -->
