<?xml version="1.0" encoding="UTF-8"?>
<!-- Generated by org.testng.reporters.JUnitReportReporter -->
<testsuite hostname="LAPTOP-IKS9SD1L" failures="0" tests="2" name="tests.LoginTest" time="5.611" errors="0" timestamp="2025-07-08T12:11:38 IST" skipped="0">
  <testcase classname="tests.LoginTest" name="testLogin" time="2.656"/>
  <testcase classname="tests.LoginTest" name="testLogin" time="2.955"/>
</testsuite> <!-- tests.LoginTest -->
